[0921/102945.099:ERROR:viz_main_impl.cc(162)] Exiting GPU process due to errors during initialization
[0921/102945.369:ERROR:viz_main_impl.cc(162)] Exiting GPU process due to errors during initialization
[0921/102945.626:ERROR:gpu_init.cc(441)] Passthrough is not supported, GL is disabled
[0921/110534.433:INFO:CONSOLE(92)] "Uncaught TypeError: Cannot set property 'innerHTML' of null", source: file:///C:/Users/2003a/Desktop/Timonen03.github.io/olivian_peli.html (92)
[0921/111034.480:INFO:CONSOLE(104)] "Uncaught ReferenceError: min is not defined", source: file:///C:/Users/2003a/Desktop/Timonen03.github.io/olivian_peli.html (104)
[0921/111038.874:INFO:CONSOLE(104)] "Uncaught ReferenceError: min is not defined", source: file:///C:/Users/2003a/Desktop/Timonen03.github.io/olivian_peli.html (104)
[0921/111039.028:INFO:CONSOLE(104)] "Uncaught ReferenceError: min is not defined", source: file:///C:/Users/2003a/Desktop/Timonen03.github.io/olivian_peli.html (104)
[0921/111040.495:INFO:CONSOLE(104)] "Uncaught ReferenceError: min is not defined", source: file:///C:/Users/2003a/Desktop/Timonen03.github.io/olivian_peli.html (104)
[0921/111040.607:INFO:CONSOLE(104)] "Uncaught ReferenceError: min is not defined", source: file:///C:/Users/2003a/Desktop/Timonen03.github.io/olivian_peli.html (104)
[0921/111040.763:INFO:CONSOLE(104)] "Uncaught ReferenceError: min is not defined", source: file:///C:/Users/2003a/Desktop/Timonen03.github.io/olivian_peli.html (104)
[0921/111055.860:INFO:CONSOLE(104)] "Uncaught ReferenceError: min is not defined", source: file:///C:/Users/2003a/Desktop/Timonen03.github.io/olivian_peli.html (104)
[0921/111056.043:INFO:CONSOLE(104)] "Uncaught ReferenceError: min is not defined", source: file:///C:/Users/2003a/Desktop/Timonen03.github.io/olivian_peli.html (104)
[0921/111103.119:INFO:CONSOLE(104)] "Uncaught ReferenceError: max is not defined", source: file:///C:/Users/2003a/Desktop/Timonen03.github.io/olivian_peli.html (104)
[0921/111345.194:INFO:CONSOLE(107)] "Uncaught SyntaxError: Unexpected token '<'", source: file:///C:/Users/2003a/Desktop/Timonen03.github.io/olivian_peli.html (107)
[0921/111346.529:INFO:CONSOLE(107)] "Uncaught SyntaxError: Unexpected token '<'", source: file:///C:/Users/2003a/Desktop/Timonen03.github.io/olivian_peli.html (107)
[0921/111347.959:INFO:CONSOLE(107)] "Uncaught SyntaxError: Unexpected token '<'", source: file:///C:/Users/2003a/Desktop/Timonen03.github.io/olivian_peli.html (107)
[0921/111348.289:INFO:CONSOLE(107)] "Uncaught SyntaxError: Unexpected token '<'", source: file:///C:/Users/2003a/Desktop/Timonen03.github.io/olivian_peli.html (107)
[0921/111354.346:INFO:CONSOLE(107)] "Uncaught SyntaxError: Unexpected token '<'", source: file:///C:/Users/2003a/Desktop/Timonen03.github.io/olivian_peli.html (107)
[0921/111358.194:INFO:CONSOLE(107)] "Uncaught SyntaxError: Unexpected token '<'", source: file:///C:/Users/2003a/Desktop/Timonen03.github.io/olivian_peli.html (107)
[0921/111358.662:INFO:CONSOLE(107)] "Uncaught SyntaxError: Unexpected token '<'", source: file:///C:/Users/2003a/Desktop/Timonen03.github.io/olivian_peli.html (107)
[0921/111359.016:INFO:CONSOLE(107)] "Uncaught SyntaxError: Unexpected token '<'", source: file:///C:/Users/2003a/Desktop/Timonen03.github.io/olivian_peli.html (107)
[0921/111400.341:INFO:CONSOLE(107)] "Uncaught SyntaxError: Unexpected token '<'", source: file:///C:/Users/2003a/Desktop/Timonen03.github.io/olivian_peli.html (107)
[0921/111402.209:INFO:CONSOLE(107)] "Uncaught SyntaxError: Unexpected token '<'", source: file:///C:/Users/2003a/Desktop/Timonen03.github.io/olivian_peli.html (107)
[0921/111402.525:INFO:CONSOLE(107)] "Uncaught SyntaxError: Unexpected token '<'", source: file:///C:/Users/2003a/Desktop/Timonen03.github.io/olivian_peli.html (107)
[0921/111402.762:INFO:CONSOLE(107)] "Uncaught SyntaxError: Unexpected token '<'", source: file:///C:/Users/2003a/Desktop/Timonen03.github.io/olivian_peli.html (107)
[0921/111403.009:INFO:CONSOLE(107)] "Uncaught SyntaxError: Unexpected token '<'", source: file:///C:/Users/2003a/Desktop/Timonen03.github.io/olivian_peli.html (107)
[0921/111403.288:INFO:CONSOLE(107)] "Uncaught SyntaxError: Unexpected token '<'", source: file:///C:/Users/2003a/Desktop/Timonen03.github.io/olivian_peli.html (107)
[0921/112145.775:INFO:CONSOLE(110)] "Uncaught SyntaxError: Unexpected token ')'", source: file:///C:/Users/2003a/Desktop/Timonen03.github.io/olivian_peli.html (110)
[0921/112147.094:INFO:CONSOLE(107)] "Uncaught SyntaxError: Unexpected token ')'", source: file:///C:/Users/2003a/Desktop/Timonen03.github.io/olivian_peli.html (107)
[0921/112147.549:INFO:CONSOLE(107)] "Uncaught SyntaxError: Unexpected token 'in'", source: file:///C:/Users/2003a/Desktop/Timonen03.github.io/olivian_peli.html (107)
[0921/112147.920:INFO:CONSOLE(110)] "Uncaught SyntaxError: Unexpected token ')'", source: file:///C:/Users/2003a/Desktop/Timonen03.github.io/olivian_peli.html (110)
[0921/112415.040:INFO:CONSOLE(110)] "Uncaught TypeError: Cannot read property 'src' of null", source: file:///C:/Users/2003a/Desktop/Timonen03.github.io/olivian_peli.html (110)
[0921/112415.520:INFO:CONSOLE(110)] "Uncaught TypeError: Cannot read property 'src' of null", source: file:///C:/Users/2003a/Desktop/Timonen03.github.io/olivian_peli.html (110)
[0921/112415.967:INFO:CONSOLE(110)] "Uncaught TypeError: Cannot read property 'src' of null", source: file:///C:/Users/2003a/Desktop/Timonen03.github.io/olivian_peli.html (110)
[0921/112417.808:INFO:CONSOLE(110)] "Uncaught TypeError: Cannot read property 'src' of null", source: file:///C:/Users/2003a/Desktop/Timonen03.github.io/olivian_peli.html (110)
[0921/112436.421:INFO:CONSOLE(110)] "Uncaught SyntaxError: Unexpected token ')'", source: file:///C:/Users/2003a/Desktop/Timonen03.github.io/olivian_peli.html (110)
[0921/112438.426:INFO:CONSOLE(116)] "Uncaught ReferenceError: changeImage is not defined", source: file:///C:/Users/2003a/Desktop/Timonen03.github.io/olivian_peli.html (116)
[0921/112438.836:INFO:CONSOLE(116)] "Uncaught ReferenceError: changeImage is not defined", source: file:///C:/Users/2003a/Desktop/Timonen03.github.io/olivian_peli.html (116)
[0921/112439.234:INFO:CONSOLE(116)] "Uncaught ReferenceError: changeImage is not defined", source: file:///C:/Users/2003a/Desktop/Timonen03.github.io/olivian_peli.html (116)
[0921/112440.742:INFO:CONSOLE(110)] "Uncaught SyntaxError: Unexpected token ')'", source: file:///C:/Users/2003a/Desktop/Timonen03.github.io/olivian_peli.html (110)
[0921/112507.478:INFO:CONSOLE(110)] "Uncaught SyntaxError: Unexpected token ')'", source: file:///C:/Users/2003a/Desktop/Timonen03.github.io/olivian_peli.html (110)
[0921/112511.742:INFO:CONSOLE(110)] "Uncaught SyntaxError: Unexpected token ')'", source: file:///C:/Users/2003a/Desktop/Timonen03.github.io/olivian_peli.html (110)
[0921/112513.254:INFO:CONSOLE(116)] "Uncaught ReferenceError: changeImage is not defined", source: file:///C:/Users/2003a/Desktop/Timonen03.github.io/olivian_peli.html (116)
[0921/112513.740:INFO:CONSOLE(116)] "Uncaught ReferenceError: changeImage is not defined", source: file:///C:/Users/2003a/Desktop/Timonen03.github.io/olivian_peli.html (116)
[0921/112513.920:INFO:CONSOLE(116)] "Uncaught ReferenceError: changeImage is not defined", source: file:///C:/Users/2003a/Desktop/Timonen03.github.io/olivian_peli.html (116)
[0921/112514.085:INFO:CONSOLE(116)] "Uncaught ReferenceError: changeImage is not defined", source: file:///C:/Users/2003a/Desktop/Timonen03.github.io/olivian_peli.html (116)
[0921/112519.542:INFO:CONSOLE(116)] "Uncaught ReferenceError: changeImage is not defined", source: file:///C:/Users/2003a/Desktop/Timonen03.github.io/olivian_peli.html (116)
[0921/112519.885:INFO:CONSOLE(116)] "Uncaught ReferenceError: changeImage is not defined", source: file:///C:/Users/2003a/Desktop/Timonen03.github.io/olivian_peli.html (116)
[0921/112520.447:INFO:CONSOLE(116)] "Uncaught ReferenceError: changeImage is not defined", source: file:///C:/Users/2003a/Desktop/Timonen03.github.io/olivian_peli.html (116)
[0921/112520.718:INFO:CONSOLE(116)] "Uncaught ReferenceError: changeImage is not defined", source: file:///C:/Users/2003a/Desktop/Timonen03.github.io/olivian_peli.html (116)
[0921/112520.956:INFO:CONSOLE(116)] "Uncaught ReferenceError: changeImage is not defined", source: file:///C:/Users/2003a/Desktop/Timonen03.github.io/olivian_peli.html (116)
[0921/112521.191:INFO:CONSOLE(116)] "Uncaught ReferenceError: changeImage is not defined", source: file:///C:/Users/2003a/Desktop/Timonen03.github.io/olivian_peli.html (116)
[0921/112521.416:INFO:CONSOLE(116)] "Uncaught ReferenceError: changeImage is not defined", source: file:///C:/Users/2003a/Desktop/Timonen03.github.io/olivian_peli.html (116)
[0921/112521.656:INFO:CONSOLE(116)] "Uncaught ReferenceError: changeImage is not defined", source: file:///C:/Users/2003a/Desktop/Timonen03.github.io/olivian_peli.html (116)
[0921/112521.895:INFO:CONSOLE(116)] "Uncaught ReferenceError: changeImage is not defined", source: file:///C:/Users/2003a/Desktop/Timonen03.github.io/olivian_peli.html (116)
[0921/112522.124:INFO:CONSOLE(116)] "Uncaught ReferenceError: changeImage is not defined", source: file:///C:/Users/2003a/Desktop/Timonen03.github.io/olivian_peli.html (116)
[0921/112522.356:INFO:CONSOLE(116)] "Uncaught ReferenceError: changeImage is not defined", source: file:///C:/Users/2003a/Desktop/Timonen03.github.io/olivian_peli.html (116)
[0921/112522.587:INFO:CONSOLE(116)] "Uncaught ReferenceError: changeImage is not defined", source: file:///C:/Users/2003a/Desktop/Timonen03.github.io/olivian_peli.html (116)
[0921/112522.820:INFO:CONSOLE(116)] "Uncaught ReferenceError: changeImage is not defined", source: file:///C:/Users/2003a/Desktop/Timonen03.github.io/olivian_peli.html (116)
[0921/112523.073:INFO:CONSOLE(116)] "Uncaught ReferenceError: changeImage is not defined", source: file:///C:/Users/2003a/Desktop/Timonen03.github.io/olivian_peli.html (116)
[0921/112523.296:INFO:CONSOLE(116)] "Uncaught ReferenceError: changeImage is not defined", source: file:///C:/Users/2003a/Desktop/Timonen03.github.io/olivian_peli.html (116)
[0921/112523.536:INFO:CONSOLE(116)] "Uncaught ReferenceError: changeImage is not defined", source: file:///C:/Users/2003a/Desktop/Timonen03.github.io/olivian_peli.html (116)
[0921/112523.773:INFO:CONSOLE(116)] "Uncaught ReferenceError: changeImage is not defined", source: file:///C:/Users/2003a/Desktop/Timonen03.github.io/olivian_peli.html (116)
[0921/112524.006:INFO:CONSOLE(116)] "Uncaught ReferenceError: changeImage is not defined", source: file:///C:/Users/2003a/Desktop/Timonen03.github.io/olivian_peli.html (116)
[0921/112524.221:INFO:CONSOLE(116)] "Uncaught ReferenceError: changeImage is not defined", source: file:///C:/Users/2003a/Desktop/Timonen03.github.io/olivian_peli.html (116)
[0921/112524.417:INFO:CONSOLE(116)] "Uncaught ReferenceError: changeImage is not defined", source: file:///C:/Users/2003a/Desktop/Timonen03.github.io/olivian_peli.html (116)
[0921/112524.622:INFO:CONSOLE(116)] "Uncaught ReferenceError: changeImage is not defined", source: file:///C:/Users/2003a/Desktop/Timonen03.github.io/olivian_peli.html (116)
[0921/112524.821:INFO:CONSOLE(116)] "Uncaught ReferenceError: changeImage is not defined", source: file:///C:/Users/2003a/Desktop/Timonen03.github.io/olivian_peli.html (116)
[0921/112525.000:INFO:CONSOLE(116)] "Uncaught ReferenceError: changeImage is not defined", source: file:///C:/Users/2003a/Desktop/Timonen03.github.io/olivian_peli.html (116)
[0921/112525.198:INFO:CONSOLE(116)] "Uncaught ReferenceError: changeImage is not defined", source: file:///C:/Users/2003a/Desktop/Timonen03.github.io/olivian_peli.html (116)
[0921/112525.406:INFO:CONSOLE(116)] "Uncaught ReferenceError: changeImage is not defined", source: file:///C:/Users/2003a/Desktop/Timonen03.github.io/olivian_peli.html (116)
[0921/112525.596:INFO:CONSOLE(116)] "Uncaught ReferenceError: changeImage is not defined", source: file:///C:/Users/2003a/Desktop/Timonen03.github.io/olivian_peli.html (116)
[0921/112525.773:INFO:CONSOLE(116)] "Uncaught ReferenceError: changeImage is not defined", source: file:///C:/Users/2003a/Desktop/Timonen03.github.io/olivian_peli.html (116)
[0921/112525.996:INFO:CONSOLE(116)] "Uncaught ReferenceError: changeImage is not defined", source: file:///C:/Users/2003a/Desktop/Timonen03.github.io/olivian_peli.html (116)
[0921/112526.536:INFO:CONSOLE(116)] "Uncaught ReferenceError: changeImage is not defined", source: file:///C:/Users/2003a/Desktop/Timonen03.github.io/olivian_peli.html (116)
[0921/112532.113:INFO:CONSOLE(110)] "Uncaught SyntaxError: Unexpected token ')'", source: file:///C:/Users/2003a/Desktop/Timonen03.github.io/olivian_peli.html (110)
[0921/112536.685:INFO:CONSOLE(111)] "Uncaught SyntaxError: Unexpected token ')'", source: file:///C:/Users/2003a/Desktop/Timonen03.github.io/olivian_peli.html (111)
[0921/112537.070:INFO:CONSOLE(112)] "Uncaught SyntaxError: Unexpected token ')'", source: file:///C:/Users/2003a/Desktop/Timonen03.github.io/olivian_peli.html (112)
[0921/112537.795:INFO:CONSOLE(111)] "Uncaught SyntaxError: Unexpected token ')'", source: file:///C:/Users/2003a/Desktop/Timonen03.github.io/olivian_peli.html (111)
[0921/112547.433:INFO:CONSOLE(112)] "Uncaught SyntaxError: Unexpected token ')'", source: file:///C:/Users/2003a/Desktop/Timonen03.github.io/olivian_peli.html (112)
[0921/112548.805:INFO:CONSOLE(112)] "Uncaught SyntaxError: Unexpected token ')'", source: file:///C:/Users/2003a/Desktop/Timonen03.github.io/olivian_peli.html (112)
[0921/112551.576:INFO:CONSOLE(112)] "Uncaught SyntaxError: Unexpected token ')'", source: file:///C:/Users/2003a/Desktop/Timonen03.github.io/olivian_peli.html (112)
[0921/112551.909:INFO:CONSOLE(112)] "Uncaught SyntaxError: Unexpected token ')'", source: file:///C:/Users/2003a/Desktop/Timonen03.github.io/olivian_peli.html (112)
[0921/112600.583:INFO:CONSOLE(112)] "Uncaught SyntaxError: Unexpected token ')'", source: file:///C:/Users/2003a/Desktop/Timonen03.github.io/olivian_peli.html (112)
[0921/112603.235:INFO:CONSOLE(112)] "Uncaught SyntaxError: Unexpected token ')'", source: file:///C:/Users/2003a/Desktop/Timonen03.github.io/olivian_peli.html (112)
[0921/112613.518:INFO:CONSOLE(112)] "Uncaught SyntaxError: Unexpected token ')'", source: file:///C:/Users/2003a/Desktop/Timonen03.github.io/olivian_peli.html (112)
[0921/112614.245:INFO:CONSOLE(112)] "Uncaught SyntaxError: Unexpected token ')'", source: file:///C:/Users/2003a/Desktop/Timonen03.github.io/olivian_peli.html (112)
[0921/112614.865:INFO:CONSOLE(112)] "Uncaught SyntaxError: Unexpected token ')'", source: file:///C:/Users/2003a/Desktop/Timonen03.github.io/olivian_peli.html (112)
[0921/112618.358:INFO:CONSOLE(112)] "Uncaught SyntaxError: Unexpected token ')'", source: file:///C:/Users/2003a/Desktop/Timonen03.github.io/olivian_peli.html (112)
[0921/112621.880:INFO:CONSOLE(112)] "Uncaught SyntaxError: Unexpected token ')'", source: file:///C:/Users/2003a/Desktop/Timonen03.github.io/olivian_peli.html (112)
[0921/112631.496:INFO:CONSOLE(112)] "Uncaught SyntaxError: Unexpected token ')'", source: file:///C:/Users/2003a/Desktop/Timonen03.github.io/olivian_peli.html (112)
[0921/112631.644:INFO:CONSOLE(112)] "Uncaught SyntaxError: Unexpected token ')'", source: file:///C:/Users/2003a/Desktop/Timonen03.github.io/olivian_peli.html (112)
[0921/112632.324:INFO:CONSOLE(112)] "Uncaught SyntaxError: Unexpected token ')'", source: file:///C:/Users/2003a/Desktop/Timonen03.github.io/olivian_peli.html (112)
[0921/112632.451:INFO:CONSOLE(112)] "Uncaught SyntaxError: Unexpected token ')'", source: file:///C:/Users/2003a/Desktop/Timonen03.github.io/olivian_peli.html (112)
[0921/112632.600:INFO:CONSOLE(112)] "Uncaught SyntaxError: Unexpected token ')'", source: file:///C:/Users/2003a/Desktop/Timonen03.github.io/olivian_peli.html (112)
[0921/112635.247:INFO:CONSOLE(112)] "Uncaught SyntaxError: Unexpected token ')'", source: file:///C:/Users/2003a/Desktop/Timonen03.github.io/olivian_peli.html (112)
[0921/112635.400:INFO:CONSOLE(112)] "Uncaught SyntaxError: Unexpected token ')'", source: file:///C:/Users/2003a/Desktop/Timonen03.github.io/olivian_peli.html (112)
[0921/112637.085:INFO:CONSOLE(112)] "Uncaught SyntaxError: Unexpected token ')'", source: file:///C:/Users/2003a/Desktop/Timonen03.github.io/olivian_peli.html (112)
[0921/112637.223:INFO:CONSOLE(112)] "Uncaught SyntaxError: Unexpected token ')'", source: file:///C:/Users/2003a/Desktop/Timonen03.github.io/olivian_peli.html (112)
[0921/112640.756:INFO:CONSOLE(112)] "Uncaught SyntaxError: Unexpected token ')'", source: file:///C:/Users/2003a/Desktop/Timonen03.github.io/olivian_peli.html (112)
[0921/112640.905:INFO:CONSOLE(112)] "Uncaught SyntaxError: Unexpected token ')'", source: file:///C:/Users/2003a/Desktop/Timonen03.github.io/olivian_peli.html (112)
[0921/112644.115:INFO:CONSOLE(112)] "Uncaught TypeError: Cannot set property 'src' of null", source: file:///C:/Users/2003a/Desktop/Timonen03.github.io/olivian_peli.html (112)
[0921/112644.510:INFO:CONSOLE(112)] "Uncaught TypeError: Cannot set property 'src' of null", source: file:///C:/Users/2003a/Desktop/Timonen03.github.io/olivian_peli.html (112)
[0921/112644.832:INFO:CONSOLE(112)] "Uncaught TypeError: Cannot set property 'src' of null", source: file:///C:/Users/2003a/Desktop/Timonen03.github.io/olivian_peli.html (112)
[0921/112646.482:INFO:CONSOLE(112)] "Uncaught TypeError: Cannot set property 'src' of null", source: file:///C:/Users/2003a/Desktop/Timonen03.github.io/olivian_peli.html (112)
[0921/112648.093:INFO:CONSOLE(112)] "Uncaught TypeError: Cannot set property 'src' of null", source: file:///C:/Users/2003a/Desktop/Timonen03.github.io/olivian_peli.html (112)
[0921/112648.686:INFO:CONSOLE(112)] "Uncaught TypeError: Cannot set property 'src' of null", source: file:///C:/Users/2003a/Desktop/Timonen03.github.io/olivian_peli.html (112)
[0921/112650.620:INFO:CONSOLE(112)] "Uncaught TypeError: Cannot set property 'src' of null", source: file:///C:/Users/2003a/Desktop/Timonen03.github.io/olivian_peli.html (112)
[0921/112652.361:INFO:CONSOLE(112)] "Uncaught TypeError: Cannot set property 'src' of null", source: file:///C:/Users/2003a/Desktop/Timonen03.github.io/olivian_peli.html (112)
[0921/112656.024:INFO:CONSOLE(112)] "Uncaught TypeError: Cannot set property 'src' of null", source: file:///C:/Users/2003a/Desktop/Timonen03.github.io/olivian_peli.html (112)
[0921/112656.604:INFO:CONSOLE(112)] "Uncaught TypeError: Cannot set property 'src' of null", source: file:///C:/Users/2003a/Desktop/Timonen03.github.io/olivian_peli.html (112)
[0921/112656.922:INFO:CONSOLE(112)] "Uncaught TypeError: Cannot set property 'src' of null", source: file:///C:/Users/2003a/Desktop/Timonen03.github.io/olivian_peli.html (112)
[0921/112657.146:INFO:CONSOLE(112)] "Uncaught TypeError: Cannot set property 'src' of null", source: file:///C:/Users/2003a/Desktop/Timonen03.github.io/olivian_peli.html (112)
[0921/112657.413:INFO:CONSOLE(112)] "Uncaught TypeError: Cannot set property 'src' of null", source: file:///C:/Users/2003a/Desktop/Timonen03.github.io/olivian_peli.html (112)
[0921/112657.625:INFO:CONSOLE(112)] "Uncaught TypeError: Cannot set property 'src' of null", source: file:///C:/Users/2003a/Desktop/Timonen03.github.io/olivian_peli.html (112)
[0921/112657.845:INFO:CONSOLE(112)] "Uncaught TypeError: Cannot set property 'src' of null", source: file:///C:/Users/2003a/Desktop/Timonen03.github.io/olivian_peli.html (112)
[0921/112729.354:INFO:CONSOLE(112)] "Uncaught TypeError: Failed to execute 'appendChild' on 'Node': parameter 1 is not of type 'Node'.", source: file:///C:/Users/2003a/Desktop/Timonen03.github.io/olivian_peli.html (112)
[0921/112729.774:INFO:CONSOLE(112)] "Uncaught TypeError: Failed to execute 'appendChild' on 'Node': parameter 1 is not of type 'Node'.", source: file:///C:/Users/2003a/Desktop/Timonen03.github.io/olivian_peli.html (112)
[0921/112730.041:INFO:CONSOLE(112)] "Uncaught TypeError: Failed to execute 'appendChild' on 'Node': parameter 1 is not of type 'Node'.", source: file:///C:/Users/2003a/Desktop/Timonen03.github.io/olivian_peli.html (112)
[0921/112730.211:INFO:CONSOLE(112)] "Uncaught TypeError: Failed to execute 'appendChild' on 'Node': parameter 1 is not of type 'Node'.", source: file:///C:/Users/2003a/Desktop/Timonen03.github.io/olivian_peli.html (112)
[0921/112730.372:INFO:CONSOLE(112)] "Uncaught TypeError: Failed to execute 'appendChild' on 'Node': parameter 1 is not of type 'Node'.", source: file:///C:/Users/2003a/Desktop/Timonen03.github.io/olivian_peli.html (112)
[0921/112739.167:INFO:CONSOLE(108)] "Uncaught TypeError: Failed to execute 'appendChild' on 'Node': parameter 1 is not of type 'Node'.", source: file:///C:/Users/2003a/Desktop/Timonen03.github.io/olivian_peli.html (108)
[0921/112739.681:INFO:CONSOLE(108)] "Uncaught TypeError: Failed to execute 'appendChild' on 'Node': parameter 1 is not of type 'Node'.", source: file:///C:/Users/2003a/Desktop/Timonen03.github.io/olivian_peli.html (108)
[0921/112754.873:INFO:CONSOLE(112)] "Uncaught ReferenceError: num is not defined", source: file:///C:/Users/2003a/Desktop/Timonen03.github.io/olivian_peli.html (112)
[0921/112755.780:INFO:CONSOLE(112)] "Uncaught ReferenceError: num is not defined", source: file:///C:/Users/2003a/Desktop/Timonen03.github.io/olivian_peli.html (112)
[0921/112757.059:INFO:CONSOLE(112)] "Uncaught ReferenceError: num is not defined", source: file:///C:/Users/2003a/Desktop/Timonen03.github.io/olivian_peli.html (112)
[0921/112815.065:INFO:CONSOLE(109)] "Uncaught ReferenceError: num is not defined", source: file:///C:/Users/2003a/Desktop/Timonen03.github.io/olivian_peli.html (109)
[0921/112815.319:INFO:CONSOLE(109)] "Uncaught ReferenceError: num is not defined", source: file:///C:/Users/2003a/Desktop/Timonen03.github.io/olivian_peli.html (109)
[0921/112815.528:INFO:CONSOLE(109)] "Uncaught ReferenceError: num is not defined", source: file:///C:/Users/2003a/Desktop/Timonen03.github.io/olivian_peli.html (109)
[0921/112943.852:INFO:CONSOLE(112)] "Uncaught ReferenceError: num is not defined", source: file:///C:/Users/2003a/Desktop/Timonen03.github.io/olivian_peli.html (112)
[0921/112944.608:INFO:CONSOLE(112)] "Uncaught ReferenceError: num is not defined", source: file:///C:/Users/2003a/Desktop/Timonen03.github.io/olivian_peli.html (112)
[0921/112954.356:INFO:CONSOLE(113)] "Uncaught ReferenceError: num is not defined", source: file:///C:/Users/2003a/Desktop/Timonen03.github.io/olivian_peli.html (113)
[0921/112954.757:INFO:CONSOLE(113)] "Uncaught ReferenceError: num is not defined", source: file:///C:/Users/2003a/Desktop/Timonen03.github.io/olivian_peli.html (113)
[0921/112955.174:INFO:CONSOLE(113)] "Uncaught ReferenceError: num is not defined", source: file:///C:/Users/2003a/Desktop/Timonen03.github.io/olivian_peli.html (113)
[0921/112956.469:INFO:CONSOLE(113)] "Uncaught ReferenceError: num is not defined", source: file:///C:/Users/2003a/Desktop/Timonen03.github.io/olivian_peli.html (113)
[0921/112958.013:INFO:CONSOLE(113)] "Uncaught ReferenceError: num is not defined", source: file:///C:/Users/2003a/Desktop/Timonen03.github.io/olivian_peli.html (113)
[0921/112958.400:INFO:CONSOLE(113)] "Uncaught ReferenceError: num is not defined", source: file:///C:/Users/2003a/Desktop/Timonen03.github.io/olivian_peli.html (113)
[0921/113004.249:INFO:CONSOLE(114)] "Uncaught SyntaxError: Unexpected identifier", source: file:///C:/Users/2003a/Desktop/Timonen03.github.io/olivian_peli.html (114)
[0921/113006.622:INFO:CONSOLE(113)] "Uncaught ReferenceError: num is not defined", source: file:///C:/Users/2003a/Desktop/Timonen03.github.io/olivian_peli.html (113)
[0921/113006.936:INFO:CONSOLE(113)] "Uncaught ReferenceError: num is not defined", source: file:///C:/Users/2003a/Desktop/Timonen03.github.io/olivian_peli.html (113)
[0921/113007.166:INFO:CONSOLE(113)] "Uncaught ReferenceError: num is not defined", source: file:///C:/Users/2003a/Desktop/Timonen03.github.io/olivian_peli.html (113)
[0921/113012.536:INFO:CONSOLE(113)] "Uncaught ReferenceError: num is not defined", source: file:///C:/Users/2003a/Desktop/Timonen03.github.io/olivian_peli.html (113)
[0921/113043.337:INFO:CONSOLE(112)] "Uncaught SyntaxError: Unexpected token '='", source: file:///C:/Users/2003a/Desktop/Timonen03.github.io/olivian_peli.html (112)
[0921/113051.667:INFO:CONSOLE(114)] "Uncaught SyntaxError: Unexpected number", source: file:///C:/Users/2003a/Desktop/Timonen03.github.io/olivian_peli.html (114)
[0921/113552.675:ERROR:viz_main_impl.cc(162)] Exiting GPU process due to errors during initialization
[0921/113552.952:ERROR:viz_main_impl.cc(162)] Exiting GPU process due to errors during initialization
[0921/113553.191:ERROR:gpu_init.cc(441)] Passthrough is not supported, GL is disabled
[0921/123852.108:WARNING:dns_config_service_win.cc(712)] Failed to read DnsConfig.
[0921/123857.116:WARNING:dns_config_service_win.cc(712)] Failed to read DnsConfig.
[0921/123902.135:WARNING:dns_config_service_win.cc(712)] Failed to read DnsConfig.
[0921/123907.141:WARNING:dns_config_service_win.cc(712)] Failed to read DnsConfig.
[0921/123912.153:WARNING:dns_config_service_win.cc(712)] Failed to read DnsConfig.
[0921/123917.169:WARNING:dns_config_service_win.cc(712)] Failed to read DnsConfig.
[0921/123922.183:WARNING:dns_config_service_win.cc(712)] Failed to read DnsConfig.
[0921/123927.198:WARNING:dns_config_service_win.cc(712)] Failed to read DnsConfig.
[0921/123932.212:WARNING:dns_config_service_win.cc(712)] Failed to read DnsConfig.
[0921/123937.229:WARNING:dns_config_service_win.cc(712)] Failed to read DnsConfig.
[0921/123942.249:WARNING:dns_config_service_win.cc(712)] Failed to read DnsConfig.
[0921/123947.266:WARNING:dns_config_service_win.cc(712)] Failed to read DnsConfig.
[0921/123952.277:WARNING:dns_config_service_win.cc(712)] Failed to read DnsConfig.
[0921/123957.295:WARNING:dns_config_service_win.cc(712)] Failed to read DnsConfig.
[0921/124002.307:WARNING:dns_config_service_win.cc(712)] Failed to read DnsConfig.
[0921/124007.326:WARNING:dns_config_service_win.cc(712)] Failed to read DnsConfig.
[0921/124012.334:WARNING:dns_config_service_win.cc(712)] Failed to read DnsConfig.
[0921/124017.347:WARNING:dns_config_service_win.cc(712)] Failed to read DnsConfig.
[0921/124022.359:WARNING:dns_config_service_win.cc(712)] Failed to read DnsConfig.
[0921/124027.368:WARNING:dns_config_service_win.cc(712)] Failed to read DnsConfig.
[0921/124032.380:WARNING:dns_config_service_win.cc(712)] Failed to read DnsConfig.
[0921/124037.389:WARNING:dns_config_service_win.cc(712)] Failed to read DnsConfig.
[0921/124042.404:WARNING:dns_config_service_win.cc(712)] Failed to read DnsConfig.
[0921/124047.419:WARNING:dns_config_service_win.cc(712)] Failed to read DnsConfig.
[0921/124052.429:WARNING:dns_config_service_win.cc(712)] Failed to read DnsConfig.
[0921/124057.444:WARNING:dns_config_service_win.cc(712)] Failed to read DnsConfig.
[0921/124102.454:WARNING:dns_config_service_win.cc(712)] Failed to read DnsConfig.
[0921/124107.469:WARNING:dns_config_service_win.cc(712)] Failed to read DnsConfig.
[0921/124112.482:WARNING:dns_config_service_win.cc(712)] Failed to read DnsConfig.
[0921/124117.495:WARNING:dns_config_service_win.cc(712)] Failed to read DnsConfig.
[0921/124122.513:WARNING:dns_config_service_win.cc(712)] Failed to read DnsConfig.
[0921/124127.523:WARNING:dns_config_service_win.cc(712)] Failed to read DnsConfig.
[0921/124132.539:WARNING:dns_config_service_win.cc(712)] Failed to read DnsConfig.
[0921/124137.547:WARNING:dns_config_service_win.cc(712)] Failed to read DnsConfig.
[0921/124142.561:WARNING:dns_config_service_win.cc(712)] Failed to read DnsConfig.
[0921/124147.582:WARNING:dns_config_service_win.cc(712)] Failed to read DnsConfig.
[0921/124152.605:WARNING:dns_config_service_win.cc(712)] Failed to read DnsConfig.
[0921/124157.609:WARNING:dns_config_service_win.cc(712)] Failed to read DnsConfig.
[0921/124202.615:WARNING:dns_config_service_win.cc(712)] Failed to read DnsConfig.
[0921/124207.634:WARNING:dns_config_service_win.cc(712)] Failed to read DnsConfig.
[0921/124212.647:WARNING:dns_config_service_win.cc(712)] Failed to read DnsConfig.
[0921/124217.660:WARNING:dns_config_service_win.cc(712)] Failed to read DnsConfig.
[0921/124222.667:WARNING:dns_config_service_win.cc(712)] Failed to read DnsConfig.
[0921/124227.686:WARNING:dns_config_service_win.cc(712)] Failed to read DnsConfig.
[0921/124232.698:WARNING:dns_config_service_win.cc(712)] Failed to read DnsConfig.
[0921/124237.705:WARNING:dns_config_service_win.cc(712)] Failed to read DnsConfig.
[0921/124242.723:WARNING:dns_config_service_win.cc(712)] Failed to read DnsConfig.
[0921/124247.733:WARNING:dns_config_service_win.cc(712)] Failed to read DnsConfig.
[0921/124252.739:WARNING:dns_config_service_win.cc(712)] Failed to read DnsConfig.
[0921/124257.749:WARNING:dns_config_service_win.cc(712)] Failed to read DnsConfig.
[0921/124302.764:WARNING:dns_config_service_win.cc(712)] Failed to read DnsConfig.
[0921/124307.772:WARNING:dns_config_service_win.cc(712)] Failed to read DnsConfig.
[0921/124312.780:WARNING:dns_config_service_win.cc(712)] Failed to read DnsConfig.
[0921/124317.795:WARNING:dns_config_service_win.cc(712)] Failed to read DnsConfig.
[0921/124322.804:WARNING:dns_config_service_win.cc(712)] Failed to read DnsConfig.
[0921/124327.814:WARNING:dns_config_service_win.cc(712)] Failed to read DnsConfig.
[0921/124332.820:WARNING:dns_config_service_win.cc(712)] Failed to read DnsConfig.
[0921/124337.827:WARNING:dns_config_service_win.cc(712)] Failed to read DnsConfig.
[0921/124342.836:WARNING:dns_config_service_win.cc(712)] Failed to read DnsConfig.
[0921/124347.855:WARNING:dns_config_service_win.cc(712)] Failed to read DnsConfig.
[0921/124352.869:WARNING:dns_config_service_win.cc(712)] Failed to read DnsConfig.
[0921/124357.887:WARNING:dns_config_service_win.cc(712)] Failed to read DnsConfig.
[0921/124402.899:WARNING:dns_config_service_win.cc(712)] Failed to read DnsConfig.
[0921/124407.915:WARNING:dns_config_service_win.cc(712)] Failed to read DnsConfig.
[0921/124412.932:WARNING:dns_config_service_win.cc(712)] Failed to read DnsConfig.
[0921/124417.946:WARNING:dns_config_service_win.cc(712)] Failed to read DnsConfig.
[0921/124422.959:WARNING:dns_config_service_win.cc(712)] Failed to read DnsConfig.
[1106/223337.475:ERROR:viz_main_impl.cc(162)] Exiting GPU process due to errors during initialization
[1106/223337.696:ERROR:viz_main_impl.cc(162)] Exiting GPU process due to errors during initialization
[1106/223337.909:ERROR:gpu_init.cc(441)] Passthrough is not supported, GL is disabled
